[debug] [2025-08-06T21:14:58.583Z] ----------------------------------------------------------------------
[debug] [2025-08-06T21:14:58.586Z] Command:       C:\Program Files\nodejs\node.exe C:\Users\leona\AppData\Roaming\npm\node_modules\firebase-tools\lib\bin\firebase.js serve
[debug] [2025-08-06T21:14:58.586Z] CLI Version:   14.11.2
[debug] [2025-08-06T21:14:58.586Z] Platform:      win32
[debug] [2025-08-06T21:14:58.586Z] Node Version:  v20.13.1
[debug] [2025-08-06T21:14:58.586Z] Time:          Wed Aug 06 2025 16:14:58 GMT-0500 (hora estándar de Colombia)
[debug] [2025-08-06T21:14:58.586Z] ----------------------------------------------------------------------
[debug] 
[debug] [2025-08-06T21:14:58.864Z] > command requires scopes: ["email","openid","https://www.googleapis.com/auth/cloudplatformprojects.readonly","https://www.googleapis.com/auth/firebase","https://www.googleapis.com/auth/cloud-platform"]
[debug] [2025-08-06T21:14:58.864Z] > authorizing via signed-in user (jquinteroquintero04@gmail.com)
[debug] [2025-08-06T21:14:58.864Z] [iam] checking project rick-and-morty-1dad6 for permissions ["firebase.projects.get"]
[debug] [2025-08-06T21:14:58.865Z] Checked if tokens are valid: true, expires at: 1754517520162
[debug] [2025-08-06T21:14:58.865Z] Checked if tokens are valid: true, expires at: 1754517520162
[debug] [2025-08-06T21:14:58.867Z] >>> [apiv2][query] POST https://cloudresourcemanager.googleapis.com/v1/projects/rick-and-morty-1dad6:testIamPermissions [none]
[debug] [2025-08-06T21:14:58.868Z] >>> [apiv2][(partial)header] POST https://cloudresourcemanager.googleapis.com/v1/projects/rick-and-morty-1dad6:testIamPermissions x-goog-quota-user=projects/rick-and-morty-1dad6
[debug] [2025-08-06T21:14:58.868Z] >>> [apiv2][body] POST https://cloudresourcemanager.googleapis.com/v1/projects/rick-and-morty-1dad6:testIamPermissions {"permissions":["firebase.projects.get"]}
[debug] [2025-08-06T21:14:59.781Z] <<< [apiv2][status] POST https://cloudresourcemanager.googleapis.com/v1/projects/rick-and-morty-1dad6:testIamPermissions 200
[debug] [2025-08-06T21:14:59.781Z] <<< [apiv2][body] POST https://cloudresourcemanager.googleapis.com/v1/projects/rick-and-morty-1dad6:testIamPermissions {"permissions":["firebase.projects.get"]}
[debug] [2025-08-06T21:14:59.782Z] Checked if tokens are valid: true, expires at: 1754517520162
[debug] [2025-08-06T21:14:59.782Z] Checked if tokens are valid: true, expires at: 1754517520162
[debug] [2025-08-06T21:14:59.782Z] >>> [apiv2][query] GET https://serviceusage.googleapis.com/v1/projects/rick-and-morty-1dad6/services/cloudresourcemanager.googleapis.com [none]
[debug] [2025-08-06T21:14:59.782Z] >>> [apiv2][(partial)header] GET https://serviceusage.googleapis.com/v1/projects/rick-and-morty-1dad6/services/cloudresourcemanager.googleapis.com x-goog-quota-user=projects/rick-and-morty-1dad6
